<?xml version="1.0" encoding="UTF-8"?>
<!-- Generated by org.testng.reporters.JUnitReportReporter -->
<testsuite hostname="DESKTOP-F5VHE8K" failures="0" tests="4"
	name="berkeley.multiOfflinePayment" time="185.816" errors="0"
	timestamp="2021-06-23T04:35:05 PDT" skipped="0">
	<testcase classname="berkeley.multiOfflinePayment"
		name="urlLoad" time="44.152" />
	<system-out />
	<testcase classname="berkeley.multiOfflinePayment"
		name="login" time="10.167" />
	<system-out />
	<testcase classname="berkeley.multiOfflinePayment"
		name="searchAPN" time="13.753" />
	<system-out />
	<testcase classname="berkeley.multiOfflinePayment"
		name="paymentByCheck" time="117.744" />
	<system-out />
</testsuite> <!-- berkeley.multiOfflinePayment -->
